2023-10-28 18:54:41,803 - __main__ - DEBUG - getting env var: DATA_PATH
2023-10-28 18:54:41,804 - __main__ - DEBUG - couldn't get env var DATA_PATH - using default: data
2023-10-28 18:54:41,804 - __main__ - INFO - START EXECUTE
2023-10-28 18:54:41,804 - __main__ - INFO - processing account: 105827698
2023-10-28 18:54:41,804 - __main__ - DEBUG - fetching json: https://d4armory.io/api/armory/105827698
2023-10-28 18:54:42,145 - __main__ - INFO - fetching character id: Smartman - bc2a1ae0-6d3e-11ee-8851-5d1ee8f8e692
2023-10-28 18:54:42,145 - __main__ - DEBUG - fetching json: https://d4armory.io/api/armory/105827698/bc2a1ae0-6d3e-11ee-8851-5d1ee8f8e692
2023-10-28 18:54:42,356 - __main__ - INFO - queue position 3 - sleeping for 3 seconds
2023-10-28 18:54:45,360 - __main__ - INFO - fetching character id: Smartman - bc2a1ae0-6d3e-11ee-8851-5d1ee8f8e692
2023-10-28 18:54:45,360 - __main__ - DEBUG - fetching json: https://d4armory.io/api/armory/105827698/bc2a1ae0-6d3e-11ee-8851-5d1ee8f8e692
2023-10-28 18:54:45,649 - __main__ - INFO - has logged in since last check: True
2023-10-28 18:54:45,651 - __main__ - INFO - completed processing account: 105827698
2023-10-28 18:54:45,651 - __main__ - INFO - COMPLETE EXECUTE
2023-10-28 23:58:56,903 - __main__ - DEBUG - getting env var: DATA_PATH
2023-10-28 23:58:56,903 - __main__ - DEBUG - couldn't get env var DATA_PATH - using default: data
2023-10-28 23:58:56,903 - __main__ - INFO - START EXECUTE
2023-10-28 23:58:56,903 - __main__ - INFO - processing account: 105827698
2023-10-28 23:58:56,904 - __main__ - DEBUG - fetching json: https://d4armory.io/api/armory/105827698
2023-10-28 23:58:57,101 - __main__ - INFO - fetching character id: Smartman - bc2a1ae0-6d3e-11ee-8851-5d1ee8f8e692
2023-10-28 23:58:57,101 - __main__ - DEBUG - fetching json: https://d4armory.io/api/armory/105827698/bc2a1ae0-6d3e-11ee-8851-5d1ee8f8e692
2023-10-28 23:58:57,292 - __main__ - INFO - queue position 2 - sleeping for 3 seconds
2023-10-28 23:59:00,295 - __main__ - INFO - fetching character id: Smartman - bc2a1ae0-6d3e-11ee-8851-5d1ee8f8e692
2023-10-28 23:59:00,296 - __main__ - DEBUG - fetching json: https://d4armory.io/api/armory/105827698/bc2a1ae0-6d3e-11ee-8851-5d1ee8f8e692
2023-10-28 23:59:00,485 - __main__ - INFO - last login: 1698516147371000000
2023-10-28 23:59:00,485 - __main__ - INFO - has logged in since last check: True
2023-10-28 23:59:00,486 - __main__ - INFO - completed processing account: 105827698
2023-10-28 23:59:00,486 - __main__ - INFO - COMPLETE EXECUTE
